<?xml version="1.0" encoding="UTF-8"?>
<testsuite xmlns:xsi="http://www.w3.org/2001/XMLSchema-instance" xsi:schemaLocation="https://maven.apache.org/surefire/maven-surefire-plugin/xsd/surefire-test-report.xsd" name="TestSuite" time="67.616" tests="26" errors="0" skipped="0" failures="2">
  <properties>
[...]
</properties>
  <testcase name="titleValidation" classname="core.DBTest" time="1.039"/>
  <testcase name="titleValidation" classname="core.DBTest" time="3.062"/>
  <testcase name="titleValidation" classname="core.DBTest" time="4.756"/>
  <testcase name="titleValidation" classname="core.DBTest" time="0.388"/>
  <testcase name="titleValidation" classname="core.DBTest" time="6.003"/>
  <testcase name="titleValidation" classname="core.DBTest" time="1.184"/>
  <testcase name="titleValidation" classname="core.DBTest" time="0.403"/>
  <testcase name="titleValidation" classname="core.DBTest" time="5.522"/>
  <testcase name="titleValidation" classname="core.DBTest" time="0.184"/>
  <testcase name="titleValidation" classname="core.DBTest" time="5.972"/>
  <testcase name="titleValidation" classname="core.DBTest" time="1.157"/>
  <testcase name="titleValidation" classname="core.DBTest" time="0.052"/>
  <testcase name="titleValidation" classname="core.DBTest" time="6.052"/>
  <testcase name="titleValidation" classname="core.DBTest" time="1.04"/>
  <testcase name="titleValidation" classname="core.DBTest" time="0.68"/>
  <testcase name="titleValidation" classname="core.DBTest" time="0.671"/>
  <testcase name="titleValidation" classname="core.DBTest" time="0.421">
    <failure message="&#10;Expected: is &quot;learn2test.net&quot;&#10;     but: was &quot;&quot;" type="java.lang.AssertionError">java.lang.AssertionError: 

Expected: is "learn2test.net"
     but: was ""
	at core.DBTest.titleValidation(DBTest.java:35)
</failure>
  </testcase>
  <testcase name="titleValidation" classname="core.DBTest" time="5.861"/>
  <testcase name="titleValidation" classname="core.DBTest" time="0.078"/>
  <testcase name="titleValidation" classname="core.DBTest" time="4.831"/>
  <testcase name="titleValidation" classname="core.DBTest" time="2.171"/>
  <testcase name="titleValidation" classname="core.DBTest" time="6.06"/>
  <testcase name="titleValidation" classname="core.DBTest" time="0.388"/>
  <testcase name="titleValidation" classname="core.DBTest" time="0.91"/>
  <testcase name="titleValidation" classname="core.DBTest" time="0.14"/>
  <testcase name="browserQuit" classname="core.DBTest" time="0.598">
    <failure message="Process refused to die after 10 seconds, and couldn&apos;t taskkill it: Unable to find executable for: taskkill" type="java.lang.RuntimeException">java.lang.RuntimeException: Process refused to die after 10 seconds, and couldn't taskkill it: Unable to find executable for: taskkill
	at core.DBTest.browserQuit(DBTest.java:21)
Caused by: java.lang.NullPointerException: Unable to find executable for: taskkill
	at core.DBTest.browserQuit(DBTest.java:21)
</failure>
    <system-err><![CDATA[Dec 23, 2016 1:09:10 PM org.openqa.selenium.os.ProcessUtils killWinProcess
WARNING: Process refused to die after 10 seconds, and couldn't taskkill it
java.lang.NullPointerException: Unable to find executable for: taskkill
	at com.google.common.base.Preconditions.checkNotNull(Preconditions.java:251)
	at org.openqa.selenium.os.UnixProcess.<init>(UnixProcess.java:62)
	at org.openqa.selenium.os.CommandLine.<init>(CommandLine.java:38)
	at org.openqa.selenium.os.WindowsUtils.killPID(WindowsUtils.java:178)
	at org.openqa.selenium.os.ProcessUtils.killWinProcess(ProcessUtils.java:138)
	at org.openqa.selenium.os.ProcessUtils.killProcess(ProcessUtils.java:81)
	at org.openqa.selenium.os.UnixProcess$SeleniumWatchDog.destroyHarder(UnixProcess.java:247)
	at org.openqa.selenium.os.UnixProcess$SeleniumWatchDog.access$200(UnixProcess.java:201)
	at org.openqa.selenium.os.UnixProcess.destroy(UnixProcess.java:125)
	at org.openqa.selenium.os.CommandLine.destroy(CommandLine.java:155)
	at org.openqa.selenium.firefox.FirefoxBinary.quit(FirefoxBinary.java:246)
	at org.openqa.selenium.firefox.internal.NewProfileExtensionConnection.quit(NewProfileExtensionConnection.java:194)
	at org.openqa.selenium.firefox.FirefoxDriver$LazyCommandExecutor.quit(FirefoxDriver.java:364)
	at org.openqa.selenium.firefox.FirefoxDriver.stopClient(FirefoxDriver.java:310)
	at org.openqa.selenium.remote.RemoteWebDriver.quit(RemoteWebDriver.java:529)
	at core.DBTest.browserQuit(DBTest.java:21)
	at sun.reflect.NativeMethodAccessorImpl.invoke0(Native Method)
	at sun.reflect.NativeMethodAccessorImpl.invoke(NativeMethodAccessorImpl.java:57)
	at sun.reflect.DelegatingMethodAccessorImpl.invoke(DelegatingMethodAccessorImpl.java:43)
	at java.lang.reflect.Method.invoke(Method.java:606)
	at org.testng.internal.MethodInvocationHelper.invokeMethod(MethodInvocationHelper.java:86)
	at org.testng.internal.Invoker.invokeConfigurationMethod(Invoker.java:514)
	at org.testng.internal.Invoker.invokeConfigurations(Invoker.java:215)
	at org.testng.internal.Invoker.invokeConfigurations(Invoker.java:142)
	at org.testng.internal.TestMethodWorker.invokeAfterClassMethods(TestMethodWorker.java:232)
	at org.testng.internal.TestMethodWorker.run(TestMethodWorker.java:115)
	at org.testng.TestRunner.privateRun(TestRunner.java:782)
	at org.testng.TestRunner.run(TestRunner.java:632)
	at org.testng.SuiteRunner.runTest(SuiteRunner.java:366)
	at org.testng.SuiteRunner.runSequentially(SuiteRunner.java:361)
	at org.testng.SuiteRunner.privateRun(SuiteRunner.java:319)
	at org.testng.SuiteRunner.run(SuiteRunner.java:268)
	at org.testng.SuiteRunnerWorker.runSuite(SuiteRunnerWorker.java:52)
	at org.testng.SuiteRunnerWorker.run(SuiteRunnerWorker.java:86)
	at org.testng.TestNG.runSuitesSequentially(TestNG.java:1244)
	at org.testng.TestNG.runSuitesLocally(TestNG.java:1169)
	at org.testng.TestNG.run(TestNG.java:1064)
	at org.apache.maven.surefire.testng.TestNGExecutor.run(TestNGExecutor.java:281)
	at org.apache.maven.surefire.testng.TestNGXmlTestSuite.execute(TestNGXmlTestSuite.java:75)
	at org.apache.maven.surefire.testng.TestNGProvider.invoke(TestNGProvider.java:121)
	at org.apache.maven.surefire.booter.ForkedBooter.invokeProviderInSameClassLoader(ForkedBooter.java:290)
	at org.apache.maven.surefire.booter.ForkedBooter.runSuitesInProcess(ForkedBooter.java:242)
	at org.apache.maven.surefire.booter.ForkedBooter.main(ForkedBooter.java:121)

]]></system-err>
  </testcase>
</testsuite>